Base path: /Applications/Unity/Unity.app/Contents
Pipe name: \\.\pipe\UnityShaderCompiler-64bit-1-1965146880
Cmd: getPlatforms
Cmd: compileSnippet
  error: 2 plat 5 at (0): Can't find include file frag_ao.cginc\nCompiling Vertex program
  error: 2 plat 5 at (41): '' : Include callback failed\nCompiling Vertex program
  api=5 type=0 insize=1952 outsize=0 kw= ok=0
Cmd: compileSnippet
  error: 2 plat 5 at (0): Can't find include file frag_ao.cginc\nCompiling Vertex program
  error: 2 plat 5 at (41): '' : Include callback failed\nCompiling Vertex program
  api=5 type=0 insize=2216 outsize=0 kw= ok=0
Cmd: compileSnippet
  error: 2 plat 5 at (0): Can't find include file frag_ao.cginc\nCompiling Vertex program
  error: 2 plat 5 at (41): '' : Include callback failed\nCompiling Vertex program
  api=5 type=0 insize=2722 outsize=0 kw= ok=0
Cmd: compileSnippet
  error: 2 plat 5 at (0): Can't find include file frag_ao.cginc\nCompiling Vertex program
  error: 2 plat 5 at (41): '' : Include callback failed\nCompiling Vertex program
  api=5 type=0 insize=2998 outsize=0 kw= ok=0
Cmd: compileSnippet
  error: 2 plat 5 at (0): Can't find include file frag_ao.cginc\nCompiling Vertex program
  error: 2 plat 5 at (41): '' : Include callback failed\nCompiling Vertex program
  api=5 type=0 insize=1938 outsize=0 kw= ok=0
Cmd: compileSnippet
  error: 2 plat 5 at (0): Can't find include file frag_ao.cginc\nCompiling Vertex program
  error: 2 plat 5 at (41): '' : Include callback failed\nCompiling Vertex program
  api=5 type=0 insize=1952 outsize=0 kw= ok=0
Cmd: compileSnippet
  error: 2 plat 5 at (0): Can't find include file frag_ao.cginc\nCompiling Vertex program
  error: 2 plat 5 at (41): '' : Include callback failed\nCompiling Vertex program
  api=5 type=0 insize=2216 outsize=0 kw= ok=0
Cmd: compileSnippet
  error: 2 plat 5 at (0): Can't find include file frag_ao.cginc\nCompiling Vertex program
  error: 2 plat 5 at (41): '' : Include callback failed\nCompiling Vertex program
  api=5 type=0 insize=2722 outsize=0 kw= ok=0
Cmd: compileSnippet
  error: 2 plat 5 at (0): Can't find include file frag_ao.cginc\nCompiling Vertex program
  error: 2 plat 5 at (41): '' : Include callback failed\nCompiling Vertex program
  api=5 type=0 insize=2998 outsize=0 kw= ok=0
Cmd: compileSnippet
  error: 2 plat 5 at (0): Can't find include file frag_ao.cginc\nCompiling Vertex program
  error: 2 plat 5 at (41): '' : Include callback failed\nCompiling Vertex program
  api=5 type=0 insize=1938 outsize=0 kw= ok=0
Cmd: compileSnippet
  error: 2 plat 5 at (0): Can't find include file frag_ao.cginc\nCompiling Vertex program
  error: 2 plat 5 at (41): '' : Include callback failed\nCompiling Vertex program
  api=5 type=0 insize=1952 outsize=0 kw= ok=0
Cmd: compileSnippet
  error: 2 plat 5 at (0): Can't find include file frag_ao.cginc\nCompiling Vertex program
  error: 2 plat 5 at (41): '' : Include callback failed\nCompiling Vertex program
  api=5 type=0 insize=2216 outsize=0 kw= ok=0
Cmd: compileSnippet
  error: 2 plat 5 at (0): Can't find include file frag_ao.cginc\nCompiling Vertex program
  error: 2 plat 5 at (41): '' : Include callback failed\nCompiling Vertex program
  api=5 type=0 insize=2722 outsize=0 kw= ok=0
Cmd: compileSnippet
  error: 2 plat 5 at (0): Can't find include file frag_ao.cginc\nCompiling Vertex program
  error: 2 plat 5 at (41): '' : Include callback failed\nCompiling Vertex program
  api=5 type=0 insize=2998 outsize=0 kw= ok=0
Cmd: compileSnippet
  error: 2 plat 5 at (0): Can't find include file frag_ao.cginc\nCompiling Vertex program
  error: 2 plat 5 at (41): '' : Include callback failed\nCompiling Vertex program
  api=5 type=0 insize=1938 outsize=0 kw= ok=0
Cmd: compileSnippet
  error: 2 plat 5 at (0): Can't find include file frag_ao.cginc\nCompiling Vertex program
  error: 2 plat 5 at (41): '' : Include callback failed\nCompiling Vertex program
  api=5 type=0 insize=1952 outsize=0 kw= ok=0
Cmd: compileSnippet
  error: 2 plat 5 at (0): Can't find include file frag_ao.cginc\nCompiling Vertex program
  error: 2 plat 5 at (41): '' : Include callback failed\nCompiling Vertex program
  api=5 type=0 insize=2216 outsize=0 kw= ok=0
Cmd: compileSnippet
  error: 2 plat 5 at (0): Can't find include file frag_ao.cginc\nCompiling Vertex program
  error: 2 plat 5 at (41): '' : Include callback failed\nCompiling Vertex program
  api=5 type=0 insize=2722 outsize=0 kw= ok=0
Cmd: compileSnippet
  error: 2 plat 5 at (0): Can't find include file frag_ao.cginc\nCompiling Vertex program
  error: 2 plat 5 at (41): '' : Include callback failed\nCompiling Vertex program
  api=5 type=0 insize=2998 outsize=0 kw= ok=0
Cmd: compileSnippet
  error: 2 plat 5 at (0): Can't find include file frag_ao.cginc\nCompiling Vertex program
  error: 2 plat 5 at (41): '' : Include callback failed\nCompiling Vertex program
  api=5 type=0 insize=1938 outsize=0 kw= ok=0
Cmd: compileSnippet
  error: 2 plat 5 at (0): Can't find include file frag_ao.cginc\nCompiling Vertex program
  error: 2 plat 5 at (41): '' : Include callback failed\nCompiling Vertex program
  api=5 type=0 insize=1952 outsize=0 kw= ok=0
Cmd: compileSnippet
  error: 2 plat 5 at (0): Can't find include file frag_ao.cginc\nCompiling Vertex program
  error: 2 plat 5 at (41): '' : Include callback failed\nCompiling Vertex program
  api=5 type=0 insize=2216 outsize=0 kw= ok=0
Cmd: compileSnippet
  error: 2 plat 5 at (0): Can't find include file frag_ao.cginc\nCompiling Vertex program
  error: 2 plat 5 at (41): '' : Include callback failed\nCompiling Vertex program
  api=5 type=0 insize=2722 outsize=0 kw= ok=0
Cmd: compileSnippet
  error: 2 plat 5 at (0): Can't find include file frag_ao.cginc\nCompiling Vertex program
  error: 2 plat 5 at (41): '' : Include callback failed\nCompiling Vertex program
  api=5 type=0 insize=2998 outsize=0 kw= ok=0
Cmd: compileSnippet
  error: 2 plat 5 at (0): Can't find include file frag_ao.cginc\nCompiling Vertex program
  error: 2 plat 5 at (41): '' : Include callback failed\nCompiling Vertex program
  api=5 type=0 insize=1938 outsize=0 kw= ok=0
Cmd: compileSnippet
  error: 2 plat 5 at (0): Can't find include file frag_ao.cginc\nCompiling Vertex program
  error: 2 plat 5 at (41): '' : Include callback failed\nCompiling Vertex program
  api=5 type=0 insize=1952 outsize=0 kw= ok=0
Cmd: compileSnippet
  error: 2 plat 5 at (0): Can't find include file frag_ao.cginc\nCompiling Vertex program
  error: 2 plat 5 at (41): '' : Include callback failed\nCompiling Vertex program
  api=5 type=0 insize=2216 outsize=0 kw= ok=0
Cmd: compileSnippet
  error: 2 plat 5 at (0): Can't find include file frag_ao.cginc\nCompiling Vertex program
  error: 2 plat 5 at (41): '' : Include callback failed\nCompiling Vertex program
  api=5 type=0 insize=2722 outsize=0 kw= ok=0
Cmd: compileSnippet
  error: 2 plat 5 at (0): Can't find include file frag_ao.cginc\nCompiling Vertex program
  error: 2 plat 5 at (41): '' : Include callback failed\nCompiling Vertex program
  api=5 type=0 insize=2998 outsize=0 kw= ok=0
Cmd: compileSnippet
  error: 2 plat 5 at (0): Can't find include file frag_ao.cginc\nCompiling Vertex program
  error: 2 plat 5 at (41): '' : Include callback failed\nCompiling Vertex program
  api=5 type=0 insize=1938 outsize=0 kw= ok=0
Cmd: compileSnippet
  error: 2 plat 5 at (0): Can't find include file frag_ao.cginc\nCompiling Vertex program
  error: 2 plat 5 at (41): '' : Include callback failed\nCompiling Vertex program
  api=5 type=0 insize=1952 outsize=0 kw= ok=0
Cmd: compileSnippet
  error: 2 plat 5 at (0): Can't find include file frag_ao.cginc\nCompiling Vertex program
  error: 2 plat 5 at (41): '' : Include callback failed\nCompiling Vertex program
  api=5 type=0 insize=2216 outsize=0 kw= ok=0
Cmd: compileSnippet
  error: 2 plat 5 at (0): Can't find include file frag_ao.cginc\nCompiling Vertex program
  error: 2 plat 5 at (41): '' : Include callback failed\nCompiling Vertex program
  api=5 type=0 insize=2722 outsize=0 kw= ok=0
Cmd: compileSnippet
  error: 2 plat 5 at (0): Can't find include file frag_ao.cginc\nCompiling Vertex program
  error: 2 plat 5 at (41): '' : Include callback failed\nCompiling Vertex program
  api=5 type=0 insize=2998 outsize=0 kw= ok=0
Cmd: compileSnippet
  error: 2 plat 5 at (0): Can't find include file frag_ao.cginc\nCompiling Vertex program
  error: 2 plat 5 at (41): '' : Include callback failed\nCompiling Vertex program
  api=5 type=0 insize=1938 outsize=0 kw= ok=0
Cmd: compileSnippet
  error: 2 plat 5 at (0): Can't find include file frag_ao.cginc\nCompiling Vertex program
  error: 2 plat 5 at (41): '' : Include callback failed\nCompiling Vertex program
  api=5 type=0 insize=1952 outsize=0 kw= ok=0
Cmd: compileSnippet
  error: 2 plat 5 at (0): Can't find include file frag_ao.cginc\nCompiling Vertex program
  error: 2 plat 5 at (41): '' : Include callback failed\nCompiling Vertex program
  api=5 type=0 insize=2216 outsize=0 kw= ok=0
Cmd: compileSnippet
  error: 2 plat 5 at (0): Can't find include file frag_ao.cginc\nCompiling Vertex program
  error: 2 plat 5 at (41): '' : Include callback failed\nCompiling Vertex program
  api=5 type=0 insize=2722 outsize=0 kw= ok=0
Cmd: compileSnippet
  error: 2 plat 5 at (0): Can't find include file frag_ao.cginc\nCompiling Vertex program
  error: 2 plat 5 at (41): '' : Include callback failed\nCompiling Vertex program
  api=5 type=0 insize=2998 outsize=0 kw= ok=0
Cmd: compileSnippet
  error: 2 plat 5 at (0): Can't find include file frag_ao.cginc\nCompiling Vertex program
  error: 2 plat 5 at (41): '' : Include callback failed\nCompiling Vertex program
  api=5 type=0 insize=1938 outsize=0 kw= ok=0
Cmd: compileSnippet
  api=5 type=0 insize=6810 outsize=3366 kw=DIRECTIONAL SHADOWS_OFF LIGHTMAP_OFF DIRLIGHTMAP_COMBINED DYNAMICLIGHTMAP_ON ok=1
Cmd: compileSnippet
  api=5 type=0 insize=6810 outsize=5088 kw=DIRECTIONAL SHADOWS_OFF LIGHTMAP_ON DIRLIGHTMAP_COMBINED DYNAMICLIGHTMAP_ON ok=1
Cmd: compileSnippet
  api=5 type=0 insize=6810 outsize=4929 kw=DIRECTIONAL SHADOWS_SCREEN LIGHTMAP_ON DIRLIGHTMAP_COMBINED DYNAMICLIGHTMAP_OFF ok=1
Cmd: compileSnippet
  api=5 type=0 insize=6810 outsize=3366 kw=DIRECTIONAL SHADOWS_OFF LIGHTMAP_OFF DIRLIGHTMAP_COMBINED DYNAMICLIGHTMAP_ON VERTEXLIGHT_ON ok=1
Cmd: compileSnippet
  api=5 type=0 insize=6810 outsize=4086 kw=DIRECTIONAL SHADOWS_SCREEN SHADOWS_NATIVE LIGHTMAP_OFF DIRLIGHTMAP_COMBINED DYNAMICLIGHTMAP_ON ok=1
Cmd: compileSnippet
  api=5 type=0 insize=6810 outsize=5816 kw=DIRECTIONAL SHADOWS_SCREEN SHADOWS_NATIVE LIGHTMAP_ON DIRLIGHTMAP_COMBINED DYNAMICLIGHTMAP_ON ok=1
Cmd: compileSnippet
  api=5 type=1 insize=6810 outsize=6 kw=DIRECTIONAL SHADOWS_OFF LIGHTMAP_OFF DIRLIGHTMAP_COMBINED DYNAMICLIGHTMAP_ON ok=1
Cmd: compileSnippet
  api=5 type=1 insize=6810 outsize=6 kw=DIRECTIONAL SHADOWS_OFF LIGHTMAP_ON DIRLIGHTMAP_COMBINED DYNAMICLIGHTMAP_ON ok=1
Cmd: compileSnippet
  api=5 type=1 insize=6810 outsize=6 kw=DIRECTIONAL SHADOWS_SCREEN LIGHTMAP_ON DIRLIGHTMAP_COMBINED DYNAMICLIGHTMAP_OFF ok=1
Cmd: compileSnippet
  api=5 type=1 insize=6810 outsize=6 kw=DIRECTIONAL SHADOWS_SCREEN LIGHTMAP_ON DIRLIGHTMAP_COMBINED DYNAMICLIGHTMAP_ON ok=1
Cmd: compileSnippet
  api=5 type=1 insize=6810 outsize=6 kw=DIRECTIONAL SHADOWS_SCREEN SHADOWS_NATIVE LIGHTMAP_ON DIRLIGHTMAP_COMBINED DYNAMICLIGHTMAP_OFF ok=1
Cmd: compileSnippet
  api=5 type=0 insize=5995 outsize=3822 kw=LIGHTMAP_OFF DIRLIGHTMAP_COMBINED DYNAMICLIGHTMAP_ON HDR_LIGHT_PREPASS_OFF ok=1
Cmd: compileSnippet
  api=5 type=0 insize=5995 outsize=5186 kw=LIGHTMAP_ON DIRLIGHTMAP_COMBINED DYNAMICLIGHTMAP_ON HDR_LIGHT_PREPASS_OFF ok=1
Cmd: compileSnippet
  api=5 type=0 insize=5995 outsize=5156 kw=LIGHTMAP_ON DIRLIGHTMAP_COMBINED DYNAMICLIGHTMAP_ON UNITY_HDR_ON ok=1
Cmd: compileSnippet
  api=5 type=1 insize=5995 outsize=6 kw=LIGHTMAP_OFF DIRLIGHTMAP_COMBINED DYNAMICLIGHTMAP_ON HDR_LIGHT_PREPASS_OFF ok=1
Cmd: compileSnippet
  api=5 type=1 insize=5995 outsize=6 kw=LIGHTMAP_ON DIRLIGHTMAP_COMBINED DYNAMICLIGHTMAP_ON HDR_LIGHT_PREPASS_OFF ok=1
Cmd: compileSnippet
  api=5 type=1 insize=5995 outsize=6 kw=LIGHTMAP_OFF DIRLIGHTMAP_COMBINED DYNAMICLIGHTMAP_ON UNITY_HDR_ON ok=1
Cmd: compileSnippet
  api=0 type=0 insize=977 outsize=10166 kw=DIRECTIONAL SHADOWS_OFF LIGHTMAP_ON DIRLIGHTMAP_COMBINED DYNAMICLIGHTMAP_ON _NORMALMAP _SPECGLOSSMAP ok=1
Cmd: compileSnippet
  api=0 type=0 insize=977 outsize=9366 kw=DIRECTIONAL SHADOWS_OFF LIGHTMAP_ON DIRLIGHTMAP_COMBINED DYNAMICLIGHTMAP_ON _SPECGLOSSMAP ok=1
Cmd: compileSnippet
  api=0 type=0 insize=977 outsize=10118 kw=DIRECTIONAL SHADOWS_OFF LIGHTMAP_ON DIRLIGHTMAP_COMBINED DYNAMICLIGHTMAP_ON _NORMALMAP ok=1
Cmd: compileSnippet
  api=0 type=0 insize=977 outsize=9317 kw=DIRECTIONAL SHADOWS_OFF LIGHTMAP_ON DIRLIGHTMAP_COMBINED DYNAMICLIGHTMAP_ON ok=1
Cmd: compileSnippet
  api=0 type=1 insize=977 outsize=6 kw=DIRECTIONAL SHADOWS_OFF LIGHTMAP_ON DIRLIGHTMAP_COMBINED DYNAMICLIGHTMAP_ON ok=1
